This file contains any messages produced by compilers while
running configure, to aid debugging if configure makes a mistake.

It was created by configure, which was
generated by GNU Autoconf 2.68.  Invocation command line was

  $ ./configure --prefix=/usr/local

## --------- ##
## Platform. ##
## --------- ##

hostname = Nicholas-Rosss-MacBook-Pro-3.local
uname -m = x86_64
uname -r = 16.4.0
uname -s = Darwin
uname -v = Darwin Kernel Version 16.4.0: Thu Dec 22 22:53:21 PST 2016; root:xnu-3789.41.3~3/RELEASE_X86_64

/usr/bin/uname -p = i386
/bin/uname -X     = unknown

/bin/arch              = unknown
/usr/bin/arch -k       = unknown
/usr/convex/getsysinfo = unknown
/usr/bin/hostinfo      = Mach kernel version:
	 Darwin Kernel Version 16.4.0: Thu Dec 22 22:53:21 PST 2016; root:xnu-3789.41.3~3/RELEASE_X86_64
Kernel configured for up to 4 processors.
2 processors are physically available.
4 processors are logically available.
Processor type: x86_64h (Intel x86-64h Haswell)
Processors active: 0 1 2 3
Primary memory available: 16.00 gigabytes
Default processor set: 361 tasks, 1868 threads, 4 processors
Load average: 2.38, Mach factor: 1.74
/bin/machine           = unknown
/usr/bin/oslevel       = unknown
/bin/universe          = unknown

PATH: /Users/npr1/astroconda/bin
PATH: /Users/npr1/anaconda/bin
PATH: /Library/Frameworks/Python.framework/Versions/3.5/bin
PATH: /Users/npr1/anaconda/bin
PATH: /sw/bin
PATH: /sw/sbin
PATH: /Users/npr1/boss/products/NULL/dust/v0_1/bin
PATH: /Users/npr1/boss/products/Darwin/sdss3tools/v1_7_4/bin
PATH: /usr/local/kcorrect/bin
PATH: /Applications/TOPCAT.app/bin
PATH: /usr/bin
PATH: /bin
PATH: /usr/sbin
PATH: /sbin
PATH: /usr/local/bin
PATH: /opt/X11/bin
PATH: /Library/TeX/texbin
PATH: /Applications/itt/idl70/bin
PATH: /Users/npr1/bin/g95
PATH: /Users/npr1/boss/products/eups/bin
PATH: /Users/npr1/boss/products/NULL/specflat/v1_8/bin
PATH: /Users/npr1/boss/products/Darwin/idlutils/v5_4_8/bin
PATH: /Users/npr1/boss/products/Darwin/idlspec2d/v5_4/bin
PATH: /Applications/Ureka/iraf
PATH: /usr/local/scala/bin
PATH: /usr/local/spark/bin


## ----------- ##
## Core tests. ##
## ----------- ##

configure:2473: checking build system type
configure:2487: result: x86_64-apple-darwin16.4.0
configure:2507: checking host system type
configure:2520: result: x86_64-apple-darwin16.4.0
configure:2540: checking target system type
configure:2553: result: x86_64-apple-darwin16.4.0
configure:2615: checking for a BSD-compatible install
configure:2683: result: /sw/bin/ginstall -c
configure:2694: checking whether build environment is sane
configure:2744: result: yes
configure:2885: checking for a thread-safe mkdir -p
configure:2924: result: /sw/bin/gmkdir -p
configure:2937: checking for gawk
configure:2967: result: no
configure:2937: checking for mawk
configure:2967: result: no
configure:2937: checking for nawk
configure:2967: result: no
configure:2937: checking for awk
configure:2953: found /usr/bin/awk
configure:2964: result: awk
configure:2975: checking whether make sets $(MAKE)
configure:2997: result: yes
configure:3069: checking whether to enable maintainer-specific portions of Makefiles
configure:3078: result: no
configure:3143: checking for gcc
configure:3159: found /usr/bin/gcc
configure:3170: result: gcc
configure:3399: checking for C compiler version
configure:3408: gcc --version >&5
Apple LLVM version 8.0.0 (clang-800.0.42.1)
Target: x86_64-apple-darwin16.4.0
Thread model: posix
InstalledDir: /Applications/Xcode.app/Contents/Developer/Toolchains/XcodeDefault.xctoolchain/usr/bin
Configured with: --prefix=/Applications/Xcode.app/Contents/Developer/usr --with-gxx-include-dir=/Applications/Xcode.app/Contents/Developer/Platforms/MacOSX.platform/Developer/SDKs/MacOSX10.12.sdk/usr/include/c++/4.2.1
configure:3419: $? = 0
configure:3408: gcc -v >&5
Configured with: --prefix=/Applications/Xcode.app/Contents/Developer/usr --with-gxx-include-dir=/Applications/Xcode.app/Contents/Developer/Platforms/MacOSX.platform/Developer/SDKs/MacOSX10.12.sdk/usr/include/c++/4.2.1
Apple LLVM version 8.0.0 (clang-800.0.42.1)
Target: x86_64-apple-darwin16.4.0
Thread model: posix
InstalledDir: /Applications/Xcode.app/Contents/Developer/Toolchains/XcodeDefault.xctoolchain/usr/bin
configure:3419: $? = 0
configure:3408: gcc -V >&5
clang: error: argument to '-V' is missing (expected 1 value)
clang: error: no input files
configure:3419: $? = 1
configure:3408: gcc -qversion >&5
clang: error: unknown argument: '-qversion'
clang: error: no input files
configure:3419: $? = 1
configure:3439: checking whether the C compiler works
configure:3461: gcc    conftest.c  >&5
configure:3465: $? = 0
configure:3513: result: yes
configure:3516: checking for C compiler default output file name
configure:3518: result: a.out
configure:3524: checking for suffix of executables
configure:3531: gcc -o conftest    conftest.c  >&5
configure:3535: $? = 0
configure:3557: result: 
configure:3579: checking whether we are cross compiling
configure:3587: gcc -o conftest    conftest.c  >&5
configure:3591: $? = 0
configure:3598: ./conftest
configure:3602: $? = 0
configure:3617: result: no
configure:3622: checking for suffix of object files
configure:3644: gcc -c   conftest.c >&5
configure:3648: $? = 0
configure:3669: result: o
configure:3673: checking whether we are using the GNU C compiler
configure:3692: gcc -c   conftest.c >&5
configure:3692: $? = 0
configure:3701: result: yes
configure:3710: checking whether gcc accepts -g
configure:3730: gcc -c -g  conftest.c >&5
configure:3730: $? = 0
configure:3771: result: yes
configure:3788: checking for gcc option to accept ISO C89
configure:3852: gcc  -c -g -O2  conftest.c >&5
configure:3852: $? = 0
configure:3865: result: none needed
configure:3896: checking for style of include used by make
configure:3924: result: GNU
configure:3950: checking dependency style of gcc
configure:4061: result: gcc3
configure:4430: checking how to print strings
configure:4457: result: printf
configure:4478: checking for a sed that does not truncate output
configure:4542: result: /usr/bin/sed
configure:4560: checking for grep that handles long lines and -e
configure:4618: result: /usr/bin/grep
configure:4623: checking for egrep
configure:4685: result: /usr/bin/grep -E
configure:4690: checking for fgrep
configure:4752: result: /usr/bin/grep -F
configure:4787: checking for ld used by gcc
configure:4854: result: /Applications/Xcode.app/Contents/Developer/Toolchains/XcodeDefault.xctoolchain/usr/bin/ld
configure:4861: checking if the linker (/Applications/Xcode.app/Contents/Developer/Toolchains/XcodeDefault.xctoolchain/usr/bin/ld) is GNU ld
configure:4876: result: no
configure:4888: checking for BSD- or MS-compatible name lister (nm)
configure:4937: result: /usr/bin/nm -B
configure:5067: checking the name lister (/usr/bin/nm -B) interface
configure:5074: gcc -c -g -O2  conftest.c >&5
configure:5077: /usr/bin/nm -B "conftest.o"
configure:5080: output
0000000000000208 S _some_variable
configure:5087: result: BSD nm
configure:5090: checking whether ln -s works
configure:5094: result: yes
configure:5102: checking the maximum length of command line arguments
configure:5232: result: 196608
configure:5249: checking whether the shell understands some XSI constructs
configure:5259: result: yes
configure:5263: checking whether the shell understands "+="
configure:5269: result: yes
configure:5304: checking how to convert x86_64-apple-darwin16.4.0 file names to x86_64-apple-darwin16.4.0 format
configure:5344: result: func_convert_file_noop
configure:5351: checking how to convert x86_64-apple-darwin16.4.0 file names to toolchain format
configure:5371: result: func_convert_file_noop
configure:5378: checking for /Applications/Xcode.app/Contents/Developer/Toolchains/XcodeDefault.xctoolchain/usr/bin/ld option to reload object files
configure:5385: result: -r
configure:5459: checking for objdump
configure:5486: result: objdump
configure:5515: checking how to recognize dependent libraries
configure:5717: result: pass_all
configure:5802: checking for dlltool
configure:5829: result: dlltool
configure:5859: checking how to associate runtime and link libraries
configure:5886: result: printf %s\n
configure:5947: checking for ar
configure:5963: found /usr/bin/ar
configure:5974: result: ar
configure:6011: checking for archiver @FILE support
configure:6028: gcc -c -g -O2  conftest.c >&5
configure:6028: $? = 0
configure:6031: ar cru libconftest.a @conftest.lst >&5
ar: @conftest.lst: No such file or directory
configure:6034: $? = 1
configure:6054: result: no
configure:6112: checking for strip
configure:6128: found /usr/bin/strip
configure:6139: result: strip
configure:6211: checking for ranlib
configure:6227: found /usr/bin/ranlib
configure:6238: result: ranlib
configure:6340: checking command to parse /usr/bin/nm -B output from gcc object
configure:6460: gcc -c -g -O2  conftest.c >&5
configure:6463: $? = 0
configure:6467: /usr/bin/nm -B conftest.o \| sed -n -e 's/^.*[ ]\([BCDEGRST][BCDEGRST]*\)[ ][ ]*\([_A-Za-z][_A-Za-z0-9]*\)$/\1 \2 \2/p' | sed '/ __gnu_lto/d' \> conftest.nm
configure:6470: $? = 0
cannot find nm_test_var in conftest.nm
configure:6460: gcc -c -g -O2  conftest.c >&5
configure:6463: $? = 0
configure:6467: /usr/bin/nm -B conftest.o \| sed -n -e 's/^.*[ ]\([BCDEGRST][BCDEGRST]*\)[ ][ ]*_\([_A-Za-z][_A-Za-z0-9]*\)$/\1 _\2 \2/p' | sed '/ __gnu_lto/d' \> conftest.nm
configure:6470: $? = 0
configure:6536: gcc -o conftest -g -O2   conftest.c conftstm.o >&5
warning: (x86_64)  could not find object file symbol for symbol _main
configure:6539: $? = 0
configure:6577: result: ok
configure:6614: checking for sysroot
configure:6644: result: no
configure:6900: checking for mt
configure:6930: result: no
configure:6950: checking if : is a manifest tool
configure:6956: : '-?'
configure:6964: result: no
configure:7020: checking for dsymutil
configure:7036: found /usr/bin/dsymutil
configure:7047: result: dsymutil
configure:7112: checking for nmedit
configure:7128: found /usr/bin/nmedit
configure:7139: result: nmedit
configure:7204: checking for lipo
configure:7220: found /usr/bin/lipo
configure:7231: result: lipo
configure:7296: checking for otool
configure:7312: found /usr/bin/otool
configure:7323: result: otool
configure:7388: checking for otool64
configure:7418: result: no
configure:7463: checking for -single_module linker flag
gcc -g -O2  -o libconftest.dylib -dynamiclib -Wl,-single_module conftest.c
configure:7496: result: yes
configure:7499: checking for -exported_symbols_list linker flag
configure:7519: gcc -o conftest -g -O2   -Wl,-exported_symbols_list,conftest.sym conftest.c  >&5
configure:7519: $? = 0
configure:7529: result: yes
configure:7532: checking for -force_load linker flag
gcc -g -O2 -c -o conftest.o conftest.c
ar cru libconftest.a conftest.o
ranlib libconftest.a
gcc -g -O2  -o conftest conftest.c -Wl,-force_load,./libconftest.a
configure:7564: result: yes
configure:7606: checking how to run the C preprocessor
configure:7637: gcc -E  conftest.c
configure:7637: $? = 0
configure:7651: gcc -E  conftest.c
conftest.c:9:10: fatal error: 'ac_nonexistent.h' file not found
#include <ac_nonexistent.h>
         ^
1 error generated.
configure:7651: $? = 1
configure: failed program was:
| /* confdefs.h */
| #define PACKAGE_NAME ""
| #define PACKAGE_TARNAME ""
| #define PACKAGE_VERSION ""
| #define PACKAGE_STRING ""
| #define PACKAGE_BUGREPORT ""
| #define PACKAGE_URL ""
| /* end confdefs.h.  */
| #include <ac_nonexistent.h>
configure:7676: result: gcc -E
configure:7696: gcc -E  conftest.c
configure:7696: $? = 0
configure:7710: gcc -E  conftest.c
conftest.c:9:10: fatal error: 'ac_nonexistent.h' file not found
#include <ac_nonexistent.h>
         ^
1 error generated.
configure:7710: $? = 1
configure: failed program was:
| /* confdefs.h */
| #define PACKAGE_NAME ""
| #define PACKAGE_TARNAME ""
| #define PACKAGE_VERSION ""
| #define PACKAGE_STRING ""
| #define PACKAGE_BUGREPORT ""
| #define PACKAGE_URL ""
| /* end confdefs.h.  */
| #include <ac_nonexistent.h>
configure:7739: checking for ANSI C header files
configure:7759: gcc -c -g -O2  conftest.c >&5
configure:7759: $? = 0
configure:7832: gcc -o conftest -g -O2   conftest.c  >&5
configure:7832: $? = 0
configure:7832: ./conftest
configure:7832: $? = 0
configure:7843: result: yes
configure:7856: checking for sys/types.h
configure:7856: gcc -c -g -O2  conftest.c >&5
configure:7856: $? = 0
configure:7856: result: yes
configure:7856: checking for sys/stat.h
configure:7856: gcc -c -g -O2  conftest.c >&5
configure:7856: $? = 0
configure:7856: result: yes
configure:7856: checking for stdlib.h
configure:7856: gcc -c -g -O2  conftest.c >&5
configure:7856: $? = 0
configure:7856: result: yes
configure:7856: checking for string.h
configure:7856: gcc -c -g -O2  conftest.c >&5
configure:7856: $? = 0
configure:7856: result: yes
configure:7856: checking for memory.h
configure:7856: gcc -c -g -O2  conftest.c >&5
configure:7856: $? = 0
configure:7856: result: yes
configure:7856: checking for strings.h
configure:7856: gcc -c -g -O2  conftest.c >&5
configure:7856: $? = 0
configure:7856: result: yes
configure:7856: checking for inttypes.h
configure:7856: gcc -c -g -O2  conftest.c >&5
configure:7856: $? = 0
configure:7856: result: yes
configure:7856: checking for stdint.h
configure:7856: gcc -c -g -O2  conftest.c >&5
configure:7856: $? = 0
configure:7856: result: yes
configure:7856: checking for unistd.h
configure:7856: gcc -c -g -O2  conftest.c >&5
configure:7856: $? = 0
configure:7856: result: yes
configure:7870: checking for dlfcn.h
configure:7870: gcc -c -g -O2  conftest.c >&5
configure:7870: $? = 0
configure:7870: result: yes
configure:8072: checking for objdir
configure:8087: result: .libs
configure:8358: checking if gcc supports -fno-rtti -fno-exceptions
configure:8376: gcc -c -g -O2  -fno-rtti -fno-exceptions conftest.c >&5
configure:8380: $? = 0
configure:8393: result: yes
configure:8720: checking for gcc option to produce PIC
configure:8727: result: -fno-common -DPIC
configure:8735: checking if gcc PIC flag -fno-common -DPIC works
configure:8753: gcc -c -g -O2  -fno-common -DPIC -DPIC conftest.c >&5
configure:8757: $? = 0
configure:8770: result: yes
configure:8799: checking if gcc static flag -static works
configure:8827: result: no
configure:8842: checking if gcc supports -c -o file.o
configure:8863: gcc -c -g -O2  -o out/conftest2.o conftest.c >&5
configure:8867: $? = 0
configure:8889: result: yes
configure:8897: checking if gcc supports -c -o file.o
configure:8944: result: yes
configure:8977: checking whether the gcc linker (/Applications/Xcode.app/Contents/Developer/Toolchains/XcodeDefault.xctoolchain/usr/bin/ld) supports shared libraries
configure:10130: result: yes
configure:10370: checking dynamic linker characteristics
configure:11103: result: darwin16.4.0 dyld
configure:11210: checking how to hardcode library paths into programs
configure:11235: result: immediate
configure:11280: checking for dlopen in -ldl
configure:11305: gcc -o conftest -g -O2   conftest.c -ldl   >&5
configure:11305: $? = 0
configure:11314: result: yes
configure:11529: checking whether a program can dlopen itself
configure:11609: gcc -o conftest -g -O2  -DHAVE_DLFCN_H   conftest.c -ldl  >&5
configure:11612: $? = 0
configure:11630: result: yes
configure:11635: checking whether a statically linked program can dlopen itself
configure:11715: gcc -o conftest -g -O2  -DHAVE_DLFCN_H    conftest.c -ldl  >&5
configure:11718: $? = 0
configure:11736: result: yes
configure:11775: checking whether stripping libraries is possible
configure:11789: result: yes
configure:11815: checking if libtool supports shared libraries
configure:11817: result: yes
configure:11820: checking whether to build shared libraries
configure:11841: result: yes
configure:11844: checking whether to build static libraries
configure:11848: result: yes
configure:11944: checking for g++
configure:11960: found /usr/bin/g++
configure:11971: result: g++
configure:11998: checking for C++ compiler version
configure:12007: g++ --version >&5
Apple LLVM version 8.0.0 (clang-800.0.42.1)
Target: x86_64-apple-darwin16.4.0
Thread model: posix
InstalledDir: /Applications/Xcode.app/Contents/Developer/Toolchains/XcodeDefault.xctoolchain/usr/bin
Configured with: --prefix=/Applications/Xcode.app/Contents/Developer/usr --with-gxx-include-dir=/Applications/Xcode.app/Contents/Developer/Platforms/MacOSX.platform/Developer/SDKs/MacOSX10.12.sdk/usr/include/c++/4.2.1
configure:12018: $? = 0
configure:12007: g++ -v >&5
Configured with: --prefix=/Applications/Xcode.app/Contents/Developer/usr --with-gxx-include-dir=/Applications/Xcode.app/Contents/Developer/Platforms/MacOSX.platform/Developer/SDKs/MacOSX10.12.sdk/usr/include/c++/4.2.1
Apple LLVM version 8.0.0 (clang-800.0.42.1)
Target: x86_64-apple-darwin16.4.0
Thread model: posix
InstalledDir: /Applications/Xcode.app/Contents/Developer/Toolchains/XcodeDefault.xctoolchain/usr/bin
configure:12018: $? = 0
configure:12007: g++ -V >&5
clang: error: argument to '-V' is missing (expected 1 value)
clang: error: no input files
configure:12018: $? = 1
configure:12007: g++ -qversion >&5
clang: error: unknown argument: '-qversion'
clang: error: no input files
configure:12018: $? = 1
configure:12022: checking whether we are using the GNU C++ compiler
configure:12041: g++ -c   conftest.cpp >&5
configure:12041: $? = 0
configure:12050: result: yes
configure:12059: checking whether g++ accepts -g
configure:12079: g++ -c -g  conftest.cpp >&5
configure:12079: $? = 0
configure:12120: result: yes
configure:12145: checking dependency style of g++
configure:12256: result: gcc3
configure:12289: checking how to run the C++ preprocessor
configure:12316: g++ -E  conftest.cpp
configure:12316: $? = 0
configure:12330: g++ -E  conftest.cpp
conftest.cpp:21:10: fatal error: 'ac_nonexistent.h' file not found
#include <ac_nonexistent.h>
         ^
1 error generated.
configure:12330: $? = 1
configure: failed program was:
| /* confdefs.h */
| #define PACKAGE_NAME ""
| #define PACKAGE_TARNAME ""
| #define PACKAGE_VERSION ""
| #define PACKAGE_STRING ""
| #define PACKAGE_BUGREPORT ""
| #define PACKAGE_URL ""
| #define STDC_HEADERS 1
| #define HAVE_SYS_TYPES_H 1
| #define HAVE_SYS_STAT_H 1
| #define HAVE_STDLIB_H 1
| #define HAVE_STRING_H 1
| #define HAVE_MEMORY_H 1
| #define HAVE_STRINGS_H 1
| #define HAVE_INTTYPES_H 1
| #define HAVE_STDINT_H 1
| #define HAVE_UNISTD_H 1
| #define HAVE_DLFCN_H 1
| #define LT_OBJDIR ".libs/"
| /* end confdefs.h.  */
| #include <ac_nonexistent.h>
configure:12355: result: g++ -E
configure:12375: g++ -E  conftest.cpp
configure:12375: $? = 0
configure:12389: g++ -E  conftest.cpp
conftest.cpp:21:10: fatal error: 'ac_nonexistent.h' file not found
#include <ac_nonexistent.h>
         ^
1 error generated.
configure:12389: $? = 1
configure: failed program was:
| /* confdefs.h */
| #define PACKAGE_NAME ""
| #define PACKAGE_TARNAME ""
| #define PACKAGE_VERSION ""
| #define PACKAGE_STRING ""
| #define PACKAGE_BUGREPORT ""
| #define PACKAGE_URL ""
| #define STDC_HEADERS 1
| #define HAVE_SYS_TYPES_H 1
| #define HAVE_SYS_STAT_H 1
| #define HAVE_STDLIB_H 1
| #define HAVE_STRING_H 1
| #define HAVE_MEMORY_H 1
| #define HAVE_STRINGS_H 1
| #define HAVE_INTTYPES_H 1
| #define HAVE_STDINT_H 1
| #define HAVE_UNISTD_H 1
| #define HAVE_DLFCN_H 1
| #define LT_OBJDIR ".libs/"
| /* end confdefs.h.  */
| #include <ac_nonexistent.h>
configure:12558: checking for ld used by g++
configure:12625: result: /Applications/Xcode.app/Contents/Developer/Toolchains/XcodeDefault.xctoolchain/usr/bin/ld
configure:12632: checking if the linker (/Applications/Xcode.app/Contents/Developer/Toolchains/XcodeDefault.xctoolchain/usr/bin/ld) is GNU ld
configure:12647: result: no
configure:12702: checking whether the g++ linker (/Applications/Xcode.app/Contents/Developer/Toolchains/XcodeDefault.xctoolchain/usr/bin/ld) supports shared libraries
configure:13707: result: yes
configure:13743: g++ -c -g -O2  conftest.cpp >&5
configure:13746: $? = 0
configure:14266: checking for g++ option to produce PIC
configure:14273: result: -fno-common -DPIC
configure:14281: checking if g++ PIC flag -fno-common -DPIC works
configure:14299: g++ -c -g -O2  -fno-common -DPIC -DPIC conftest.cpp >&5
configure:14303: $? = 0
configure:14316: result: yes
configure:14339: checking if g++ static flag -static works
configure:14367: result: no
configure:14379: checking if g++ supports -c -o file.o
configure:14400: g++ -c -g -O2  -o out/conftest2.o conftest.cpp >&5
configure:14404: $? = 0
configure:14426: result: yes
configure:14431: checking if g++ supports -c -o file.o
configure:14478: result: yes
configure:14508: checking whether the g++ linker (/Applications/Xcode.app/Contents/Developer/Toolchains/XcodeDefault.xctoolchain/usr/bin/ld) supports shared libraries
configure:14544: result: yes
configure:14685: checking dynamic linker characteristics
configure:15352: result: darwin16.4.0 dyld
configure:15405: checking how to hardcode library paths into programs
configure:15430: result: immediate
configure:15470: checking for library containing strerror
configure:15501: gcc -o conftest -g -O2   conftest.c  >&5
conftest.c:28:6: warning: incompatible redeclaration of library function 'strerror' [-Wincompatible-library-redeclaration]
char strerror ();
     ^
conftest.c:28:6: note: 'strerror' is a builtin with type 'char *(int)'
1 warning generated.
configure:15501: $? = 0
configure:15518: result: none required
configure:15527: checking whether make sets $(MAKE)
configure:15549: result: yes
configure:15562: checking for dirent.h that defines DIR
configure:15581: gcc -c -g -O2  conftest.c >&5
configure:15581: $? = 0
configure:15589: result: yes
configure:15602: checking for library containing opendir
configure:15633: gcc -o conftest -g -O2   conftest.c  >&5
configure:15633: $? = 0
configure:15650: result: none required
configure:15717: checking whether closedir returns void
configure:15741: gcc -o conftest -g -O2   conftest.c  >&5
configure:15741: $? = 0
configure:15741: ./conftest
configure:15741: $? = 0
configure:15751: result: no
configure:15759: checking for working memcmp
configure:15802: gcc -o conftest -g -O2   conftest.c  >&5
configure:15802: $? = 0
configure:15802: ./conftest
configure:15802: $? = 0
configure:15812: result: yes
configure:15823: checking for strftime
configure:15823: gcc -o conftest -g -O2   conftest.c  >&5
configure:15823: $? = 0
configure:15823: result: yes
configure:15878: checking for vprintf
configure:15878: gcc -o conftest -g -O2   conftest.c  >&5
conftest.c:46:6: warning: incompatible redeclaration of library function 'vprintf' [-Wincompatible-library-redeclaration]
char vprintf ();
     ^
conftest.c:46:6: note: 'vprintf' is a builtin with type 'int (const char *, struct __va_list_tag *)'
1 warning generated.
configure:15878: $? = 0
configure:15878: result: yes
configure:15884: checking for _doprnt
configure:15884: gcc -o conftest -g -O2   conftest.c  >&5
Undefined symbols for architecture x86_64:
  "__doprnt", referenced from:
      _main in conftest-51b418.o
ld: symbol(s) not found for architecture x86_64
clang: error: linker command failed with exit code 1 (use -v to see invocation)
configure:15884: $? = 1
configure: failed program was:
| /* confdefs.h */
| #define PACKAGE_NAME ""
| #define PACKAGE_TARNAME ""
| #define PACKAGE_VERSION ""
| #define PACKAGE_STRING ""
| #define PACKAGE_BUGREPORT ""
| #define PACKAGE_URL ""
| #define STDC_HEADERS 1
| #define HAVE_SYS_TYPES_H 1
| #define HAVE_SYS_STAT_H 1
| #define HAVE_STDLIB_H 1
| #define HAVE_STRING_H 1
| #define HAVE_MEMORY_H 1
| #define HAVE_STRINGS_H 1
| #define HAVE_INTTYPES_H 1
| #define HAVE_STDINT_H 1
| #define HAVE_UNISTD_H 1
| #define HAVE_DLFCN_H 1
| #define LT_OBJDIR ".libs/"
| #define HAVE_DIRENT_H 1
| #define HAVE_STRFTIME 1
| #define HAVE_VPRINTF 1
| /* end confdefs.h.  */
| /* Define _doprnt to an innocuous variant, in case <limits.h> declares _doprnt.
|    For example, HP-UX 11i <limits.h> declares gettimeofday.  */
| #define _doprnt innocuous__doprnt
| 
| /* System header to define __stub macros and hopefully few prototypes,
|     which can conflict with char _doprnt (); below.
|     Prefer <limits.h> to <assert.h> if __STDC__ is defined, since
|     <limits.h> exists even on freestanding compilers.  */
| 
| #ifdef __STDC__
| # include <limits.h>
| #else
| # include <assert.h>
| #endif
| 
| #undef _doprnt
| 
| /* Override any GCC internal prototype to avoid an error.
|    Use char because int might match the return type of a GCC
|    builtin and then its argument prototype would still apply.  */
| #ifdef __cplusplus
| extern "C"
| #endif
| char _doprnt ();
| /* The GNU C library defines this for functions which it implements
|     to always fail with ENOSYS.  Some functions are actually named
|     something starting with __ and the normal name is an alias.  */
| #if defined __stub__doprnt || defined __stub____doprnt
| choke me
| #endif
| 
| int
| main ()
| {
| return _doprnt ();
|   ;
|   return 0;
| }
configure:15884: result: no
configure:15895: checking for size_t
configure:15895: gcc -c -g -O2  conftest.c >&5
configure:15895: $? = 0
configure:15895: gcc -c -g -O2  conftest.c >&5
conftest.c:60:21: error: expected expression
if (sizeof ((size_t)))
                    ^
1 error generated.
configure:15895: $? = 1
configure: failed program was:
| /* confdefs.h */
| #define PACKAGE_NAME ""
| #define PACKAGE_TARNAME ""
| #define PACKAGE_VERSION ""
| #define PACKAGE_STRING ""
| #define PACKAGE_BUGREPORT ""
| #define PACKAGE_URL ""
| #define STDC_HEADERS 1
| #define HAVE_SYS_TYPES_H 1
| #define HAVE_SYS_STAT_H 1
| #define HAVE_STDLIB_H 1
| #define HAVE_STRING_H 1
| #define HAVE_MEMORY_H 1
| #define HAVE_STRINGS_H 1
| #define HAVE_INTTYPES_H 1
| #define HAVE_STDINT_H 1
| #define HAVE_UNISTD_H 1
| #define HAVE_DLFCN_H 1
| #define LT_OBJDIR ".libs/"
| #define HAVE_DIRENT_H 1
| #define HAVE_STRFTIME 1
| #define HAVE_VPRINTF 1
| /* end confdefs.h.  */
| #include <stdio.h>
| #ifdef HAVE_SYS_TYPES_H
| # include <sys/types.h>
| #endif
| #ifdef HAVE_SYS_STAT_H
| # include <sys/stat.h>
| #endif
| #ifdef STDC_HEADERS
| # include <stdlib.h>
| # include <stddef.h>
| #else
| # ifdef HAVE_STDLIB_H
| #  include <stdlib.h>
| # endif
| #endif
| #ifdef HAVE_STRING_H
| # if !defined STDC_HEADERS && defined HAVE_MEMORY_H
| #  include <memory.h>
| # endif
| # include <string.h>
| #endif
| #ifdef HAVE_STRINGS_H
| # include <strings.h>
| #endif
| #ifdef HAVE_INTTYPES_H
| # include <inttypes.h>
| #endif
| #ifdef HAVE_STDINT_H
| # include <stdint.h>
| #endif
| #ifdef HAVE_UNISTD_H
| # include <unistd.h>
| #endif
| int
| main ()
| {
| if (sizeof ((size_t)))
| 	    return 0;
|   ;
|   return 0;
| }
configure:15895: result: yes
configure:15908: checking for working alloca.h
configure:15925: gcc -o conftest -g -O2   conftest.c  >&5
configure:15925: $? = 0
configure:15933: result: yes
configure:15941: checking for alloca
configure:15978: gcc -o conftest -g -O2   conftest.c  >&5
configure:15978: $? = 0
configure:15986: result: yes
configure:16098: checking for dirent.h that defines DIR
configure:16125: result: yes
configure:16138: checking for library containing opendir
configure:16186: result: none required
configure:16253: checking for ANSI C header files
configure:16357: result: yes
configure:16367: checking for memory.h
configure:16367: result: yes
configure:16379: checking for unistd.h
configure:16379: result: yes
configure:16391: checking ieeefp.h usability
configure:16391: gcc -c -g -O2  conftest.c >&5
conftest.c:63:10: fatal error: 'ieeefp.h' file not found
#include <ieeefp.h>
         ^
1 error generated.
configure:16391: $? = 1
configure: failed program was:
| /* confdefs.h */
| #define PACKAGE_NAME ""
| #define PACKAGE_TARNAME ""
| #define PACKAGE_VERSION ""
| #define PACKAGE_STRING ""
| #define PACKAGE_BUGREPORT ""
| #define PACKAGE_URL ""
| #define STDC_HEADERS 1
| #define HAVE_SYS_TYPES_H 1
| #define HAVE_SYS_STAT_H 1
| #define HAVE_STDLIB_H 1
| #define HAVE_STRING_H 1
| #define HAVE_MEMORY_H 1
| #define HAVE_STRINGS_H 1
| #define HAVE_INTTYPES_H 1
| #define HAVE_STDINT_H 1
| #define HAVE_UNISTD_H 1
| #define HAVE_DLFCN_H 1
| #define LT_OBJDIR ".libs/"
| #define HAVE_DIRENT_H 1
| #define HAVE_STRFTIME 1
| #define HAVE_VPRINTF 1
| #define HAVE_ALLOCA_H 1
| #define HAVE_ALLOCA 1
| #define HAVE_DIRENT_H 1
| #define STDC_HEADERS 1
| #define HAVE_MEMORY_H 1
| #define HAVE_UNISTD_H 1
| /* end confdefs.h.  */
| #include <stdio.h>
| #ifdef HAVE_SYS_TYPES_H
| # include <sys/types.h>
| #endif
| #ifdef HAVE_SYS_STAT_H
| # include <sys/stat.h>
| #endif
| #ifdef STDC_HEADERS
| # include <stdlib.h>
| # include <stddef.h>
| #else
| # ifdef HAVE_STDLIB_H
| #  include <stdlib.h>
| # endif
| #endif
| #ifdef HAVE_STRING_H
| # if !defined STDC_HEADERS && defined HAVE_MEMORY_H
| #  include <memory.h>
| # endif
| # include <string.h>
| #endif
| #ifdef HAVE_STRINGS_H
| # include <strings.h>
| #endif
| #ifdef HAVE_INTTYPES_H
| # include <inttypes.h>
| #endif
| #ifdef HAVE_STDINT_H
| # include <stdint.h>
| #endif
| #ifdef HAVE_UNISTD_H
| # include <unistd.h>
| #endif
| #include <ieeefp.h>
configure:16391: result: no
configure:16391: checking ieeefp.h presence
configure:16391: gcc -E  conftest.c
conftest.c:30:10: fatal error: 'ieeefp.h' file not found
#include <ieeefp.h>
         ^
1 error generated.
configure:16391: $? = 1
configure: failed program was:
| /* confdefs.h */
| #define PACKAGE_NAME ""
| #define PACKAGE_TARNAME ""
| #define PACKAGE_VERSION ""
| #define PACKAGE_STRING ""
| #define PACKAGE_BUGREPORT ""
| #define PACKAGE_URL ""
| #define STDC_HEADERS 1
| #define HAVE_SYS_TYPES_H 1
| #define HAVE_SYS_STAT_H 1
| #define HAVE_STDLIB_H 1
| #define HAVE_STRING_H 1
| #define HAVE_MEMORY_H 1
| #define HAVE_STRINGS_H 1
| #define HAVE_INTTYPES_H 1
| #define HAVE_STDINT_H 1
| #define HAVE_UNISTD_H 1
| #define HAVE_DLFCN_H 1
| #define LT_OBJDIR ".libs/"
| #define HAVE_DIRENT_H 1
| #define HAVE_STRFTIME 1
| #define HAVE_VPRINTF 1
| #define HAVE_ALLOCA_H 1
| #define HAVE_ALLOCA 1
| #define HAVE_DIRENT_H 1
| #define STDC_HEADERS 1
| #define HAVE_MEMORY_H 1
| #define HAVE_UNISTD_H 1
| /* end confdefs.h.  */
| #include <ieeefp.h>
configure:16391: result: no
configure:16391: checking for ieeefp.h
configure:16391: result: no
configure:16403: checking sys/file.h usability
configure:16403: gcc -c -g -O2  conftest.c >&5
configure:16403: $? = 0
configure:16403: result: yes
configure:16403: checking sys/file.h presence
configure:16403: gcc -E  conftest.c
configure:16403: $? = 0
configure:16403: result: yes
configure:16403: checking for sys/file.h
configure:16403: result: yes
configure:16415: checking sys/time.h usability
configure:16415: gcc -c -g -O2  conftest.c >&5
configure:16415: $? = 0
configure:16415: result: yes
configure:16415: checking sys/time.h presence
configure:16415: gcc -E  conftest.c
configure:16415: $? = 0
configure:16415: result: yes
configure:16415: checking for sys/time.h
configure:16415: result: yes
configure:16428: checking for strchr
configure:16428: gcc -o conftest -g -O2   conftest.c  >&5
conftest.c:55:6: warning: incompatible redeclaration of library function 'strchr' [-Wincompatible-library-redeclaration]
char strchr ();
     ^
conftest.c:55:6: note: 'strchr' is a builtin with type 'char *(const char *, int)'
1 warning generated.
configure:16428: $? = 0
configure:16428: result: yes
configure:16428: checking for memcpy
configure:16428: gcc -o conftest -g -O2   conftest.c  >&5
conftest.c:56:6: warning: incompatible redeclaration of library function 'memcpy' [-Wincompatible-library-redeclaration]
char memcpy ();
     ^
conftest.c:56:6: note: 'memcpy' is a builtin with type 'void *(void *, const void *, unsigned long)'
1 warning generated.
configure:16428: $? = 0
configure:16428: result: yes
configure:16428: checking for gettimeofday
configure:16428: gcc -o conftest -g -O2   conftest.c  >&5
configure:16428: $? = 0
configure:16428: result: yes
configure:16437: checking whether stat file-mode macros are broken
configure:16464: gcc -c -g -O2  conftest.c >&5
configure:16464: $? = 0
configure:16471: result: no
configure:16479: checking whether struct tm is in sys/time.h or time.h
configure:16499: gcc -c -g -O2  conftest.c >&5
configure:16499: $? = 0
configure:16506: result: time.h
configure:16514: checking for size_t
configure:16514: result: yes
configure:16525: checking for an ANSI C-conforming const
configure:16590: gcc -c -g -O2  conftest.c >&5
configure:16590: $? = 0
configure:16597: result: yes
configure:16648: checking if requested to force inline functions
configure:16655: result: yes
configure:16662: checking if requested to enable assert macros
configure:16669: result: yes
configure:16673: checking if requested libstdc++ debug mode
configure:16680: result: no
configure:16691: checking if g++ supports -pedantic
configure:16709: gcc -c -g -O2  -pedantic conftest.c >&5
configure:16713: $? = 0
configure:16726: result: yes
configure:16735: checking if g++ supports -Wall
configure:16753: gcc -c -g -O2  -Wall conftest.c >&5
configure:16757: $? = 0
configure:16770: result: yes
configure:16779: checking if g++ supports -ansi
configure:16797: gcc -c -g -O2  -ansi conftest.c >&5
configure:16801: $? = 0
configure:16814: result: yes
configure:16823: checking if g++ supports -Wno-long-long
configure:16841: gcc -c -g -O2  -Wno-long-long conftest.c >&5
configure:16845: $? = 0
configure:16858: result: yes
configure:16870: checking if g++ supports -ffloat-store
configure:16888: gcc -c -g -O2  -ffloat-store conftest.c >&5
clang: warning: optimization flag '-ffloat-store' is not supported
configure:16892: $? = 0
configure:16905: result: no
configure:16925: checking for finite
configure:16941: gcc -o conftest -g -O2   conftest.c  -lm >&5
conftest.c:39:22: warning: 'finite' is deprecated: first deprecated in macOS 10.9 [-Wdeprecated-declarations]
double x; int y; y = finite(x);
                     ^
/Applications/Xcode.app/Contents/Developer/Platforms/MacOSX.platform/Developer/SDKs/MacOSX10.12.sdk/usr/include/math.h:757:12: note: 'finite' has been explicitly marked deprecated here
extern int finite(double) __OSX_AVAILABLE_BUT_DEPRECATED(__MAC_10_0, __MAC_10_9, __IPHONE_NA, __IPHONE_NA);
           ^
1 warning generated.
configure:16941: $? = 0
configure:16950: result: yes
configure:16958: checking for isfinite
configure:16974: gcc -o conftest -g -O2   conftest.c  -lm >&5
configure:16974: $? = 0
configure:16983: result: yes
configure:16998: checking for isnan
configure:17014: g++ -o conftest -g -O2   conftest.cpp  -lm >&5
configure:17014: $? = 0
configure:17023: result: yes
configure:17041: checking whether int64_t is 64 bits
configure:17084: gcc -o conftest -g -O2   conftest.c  >&5
conftest.c:65:1: warning: type specifier missing, defaults to 'int' [-Wimplicit-int]
main() {
^
conftest.c:66:3: warning: implicitly declaring library function 'exit' with type 'void (int) __attribute__((noreturn))' [-Wimplicit-function-declaration]
  exit(! does_int64_work());
  ^
conftest.c:66:3: note: include the header <stdlib.h> or explicitly provide a declaration for 'exit'
2 warnings generated.
configure:17084: $? = 0
configure:17084: ./conftest
configure:17084: $? = 0
configure:17094: result: yes
configure:17923: checking OS-specific settings
configure:17928: result: darwin16.4.0
configure:17930: checking for OS/X version
configure:17950: result: Mac OS X (Darwin 16.4.0 kernel)
configure:18140: creating ./config.status

## ---------------------- ##
## Running config.status. ##
## ---------------------- ##

This file was extended by config.status, which was
generated by GNU Autoconf 2.68.  Invocation command line was

  CONFIG_FILES    = 
  CONFIG_HEADERS  = 
  CONFIG_LINKS    = 
  CONFIG_COMMANDS = 
  $ ./config.status 

on Nicholas-Rosss-MacBook-Pro-3.local

config.status:1332: creating Makefile
config.status:1332: creating capi/Makefile
config.status:1332: creating capi/geos_c.h
config.status:1332: creating doc/Doxyfile
config.status:1332: creating doc/Makefile
config.status:1332: creating macros/Makefile
config.status:1332: creating src/Makefile
config.status:1332: creating src/algorithm/Makefile
config.status:1332: creating src/algorithm/locate/Makefile
config.status:1332: creating src/algorithm/distance/Makefile
config.status:1332: creating src/geom/Makefile
config.status:1332: creating src/geom/prep/Makefile
config.status:1332: creating src/geom/util/Makefile
config.status:1332: creating src/geomgraph/Makefile
config.status:1332: creating src/geomgraph/index/Makefile
config.status:1332: creating include/Makefile
config.status:1332: creating include/geos/Makefile
config.status:1332: creating include/geos/algorithm/Makefile
config.status:1332: creating include/geos/algorithm/locate/Makefile
config.status:1332: creating include/geos/algorithm/distance/Makefile
config.status:1332: creating include/geos/geom/Makefile
config.status:1332: creating include/geos/geom/prep/Makefile
config.status:1332: creating include/geos/geom/util/Makefile
config.status:1332: creating include/geos/geomgraph/Makefile
config.status:1332: creating include/geos/geomgraph/index/Makefile
config.status:1332: creating include/geos/index/Makefile
config.status:1332: creating include/geos/index/bintree/Makefile
config.status:1332: creating include/geos/index/chain/Makefile
config.status:1332: creating include/geos/index/intervalrtree/Makefile
config.status:1332: creating include/geos/index/quadtree/Makefile
config.status:1332: creating include/geos/index/strtree/Makefile
config.status:1332: creating include/geos/index/sweepline/Makefile
config.status:1332: creating include/geos/io/Makefile
config.status:1332: creating include/geos/linearref/Makefile
config.status:1332: creating include/geos/noding/Makefile
config.status:1332: creating include/geos/noding/snapround/Makefile
config.status:1332: creating include/geos/operation/Makefile
config.status:1332: creating include/geos/operation/buffer/Makefile
config.status:1332: creating include/geos/operation/distance/Makefile
config.status:1332: creating include/geos/operation/linemerge/Makefile
config.status:1332: creating include/geos/operation/overlay/Makefile
config.status:1332: creating include/geos/operation/overlay/snap/Makefile
config.status:1332: creating include/geos/operation/polygonize/Makefile
config.status:1332: creating include/geos/operation/predicate/Makefile
config.status:1332: creating include/geos/operation/relate/Makefile
config.status:1332: creating include/geos/operation/sharedpaths/Makefile
config.status:1332: creating include/geos/operation/union/Makefile
config.status:1332: creating include/geos/operation/valid/Makefile
config.status:1332: creating include/geos/planargraph/Makefile
config.status:1332: creating include/geos/planargraph/algorithm/Makefile
config.status:1332: creating include/geos/precision/Makefile
config.status:1332: creating include/geos/simplify/Makefile
config.status:1332: creating include/geos/util/Makefile
config.status:1332: creating include/geos/version.h
config.status:1332: creating src/index/Makefile
config.status:1332: creating src/index/bintree/Makefile
config.status:1332: creating src/index/chain/Makefile
config.status:1332: creating src/index/intervalrtree/Makefile
config.status:1332: creating src/index/quadtree/Makefile
config.status:1332: creating src/index/strtree/Makefile
config.status:1332: creating src/index/sweepline/Makefile
config.status:1332: creating src/io/Makefile
config.status:1332: creating src/linearref/Makefile
config.status:1332: creating src/noding/Makefile
config.status:1332: creating src/noding/snapround/Makefile
config.status:1332: creating src/operation/Makefile
config.status:1332: creating src/operation/buffer/Makefile
config.status:1332: creating src/operation/distance/Makefile
config.status:1332: creating src/operation/linemerge/Makefile
config.status:1332: creating src/operation/overlay/Makefile
config.status:1332: creating src/operation/polygonize/Makefile
config.status:1332: creating src/operation/predicate/Makefile
config.status:1332: creating src/operation/relate/Makefile
config.status:1332: creating src/operation/sharedpaths/Makefile
config.status:1332: creating src/operation/union/Makefile
config.status:1332: creating src/operation/valid/Makefile
config.status:1332: creating src/planargraph/Makefile
config.status:1332: creating src/precision/Makefile
config.status:1332: creating src/simplify/Makefile
config.status:1332: creating src/util/Makefile
config.status:1332: creating swig/geos.i
config.status:1332: creating swig/Makefile
config.status:1332: creating swig/python/Makefile
config.status:1332: creating swig/python/tests/Makefile
config.status:1332: creating swig/ruby/Makefile
config.status:1332: creating swig/ruby/test/Makefile
config.status:1332: creating php/Makefile
config.status:1332: creating php/test/Makefile
config.status:1332: creating tests/Makefile
config.status:1332: creating tests/bigtest/Makefile
config.status:1332: creating tests/unit/Makefile
config.status:1332: creating tests/perf/Makefile
config.status:1332: creating tests/perf/operation/Makefile
config.status:1332: creating tests/perf/operation/buffer/Makefile
config.status:1332: creating tests/perf/operation/predicate/Makefile
config.status:1332: creating tests/perf/capi/Makefile
config.status:1332: creating tests/xmltester/Makefile
config.status:1332: creating tests/geostest/Makefile
config.status:1332: creating tests/thread/Makefile
config.status:1332: creating tools/Makefile
config.status:1332: creating tools/geos-config
config.status:1332: creating include/config.h
config.status:1332: creating include/geos/platform.h
config.status:1561: executing depfiles commands
config.status:1561: executing libtool commands

## ---------------- ##
## Cache variables. ##
## ---------------- ##

ac_cv_build=x86_64-apple-darwin16.4.0
ac_cv_c_compiler_gnu=yes
ac_cv_c_const=yes
ac_cv_cxx_compiler_gnu=yes
ac_cv_env_CCC_set=
ac_cv_env_CCC_value=
ac_cv_env_CC_set=
ac_cv_env_CC_value=
ac_cv_env_CFLAGS_set=
ac_cv_env_CFLAGS_value=
ac_cv_env_CPPFLAGS_set=
ac_cv_env_CPPFLAGS_value=
ac_cv_env_CPP_set=
ac_cv_env_CPP_value=
ac_cv_env_CXXCPP_set=
ac_cv_env_CXXCPP_value=
ac_cv_env_CXXFLAGS_set=
ac_cv_env_CXXFLAGS_value=
ac_cv_env_CXX_set=
ac_cv_env_CXX_value=
ac_cv_env_LDFLAGS_set=
ac_cv_env_LDFLAGS_value=
ac_cv_env_LIBS_set=
ac_cv_env_LIBS_value=
ac_cv_env_build_alias_set=
ac_cv_env_build_alias_value=
ac_cv_env_host_alias_set=
ac_cv_env_host_alias_value=
ac_cv_env_target_alias_set=
ac_cv_env_target_alias_value=
ac_cv_finite=yes
ac_cv_func__doprnt=no
ac_cv_func_alloca_works=yes
ac_cv_func_closedir_void=no
ac_cv_func_gettimeofday=yes
ac_cv_func_memcmp_working=yes
ac_cv_func_memcpy=yes
ac_cv_func_strchr=yes
ac_cv_func_strftime=yes
ac_cv_func_vprintf=yes
ac_cv_header_dirent_dirent_h=yes
ac_cv_header_dlfcn_h=yes
ac_cv_header_ieeefp_h=no
ac_cv_header_inttypes_h=yes
ac_cv_header_memory_h=yes
ac_cv_header_stat_broken=no
ac_cv_header_stdc=yes
ac_cv_header_stdint_h=yes
ac_cv_header_stdlib_h=yes
ac_cv_header_string_h=yes
ac_cv_header_strings_h=yes
ac_cv_header_sys_file_h=yes
ac_cv_header_sys_stat_h=yes
ac_cv_header_sys_time_h=yes
ac_cv_header_sys_types_h=yes
ac_cv_header_unistd_h=yes
ac_cv_host=x86_64-apple-darwin16.4.0
ac_cv_isfinite=yes
ac_cv_isnan=yes
ac_cv_lib_dl_dlopen=yes
ac_cv_objext=o
ac_cv_path_EGREP='/usr/bin/grep -E'
ac_cv_path_FGREP='/usr/bin/grep -F'
ac_cv_path_GREP=/usr/bin/grep
ac_cv_path_SED=/usr/bin/sed
ac_cv_path_install='/sw/bin/ginstall -c'
ac_cv_path_mkdir=/sw/bin/gmkdir
ac_cv_prog_AWK=awk
ac_cv_prog_CPP='gcc -E'
ac_cv_prog_CXXCPP='g++ -E'
ac_cv_prog_ac_ct_AR=ar
ac_cv_prog_ac_ct_CC=gcc
ac_cv_prog_ac_ct_CXX=g++
ac_cv_prog_ac_ct_DLLTOOL=dlltool
ac_cv_prog_ac_ct_DSYMUTIL=dsymutil
ac_cv_prog_ac_ct_LIPO=lipo
ac_cv_prog_ac_ct_NMEDIT=nmedit
ac_cv_prog_ac_ct_OBJDUMP=objdump
ac_cv_prog_ac_ct_OTOOL=otool
ac_cv_prog_ac_ct_RANLIB=ranlib
ac_cv_prog_ac_ct_STRIP=strip
ac_cv_prog_cc_c89=
ac_cv_prog_cc_g=yes
ac_cv_prog_cxx_g=yes
ac_cv_prog_make_make_set=yes
ac_cv_search_opendir='none required'
ac_cv_search_strerror='none required'
ac_cv_struct_tm=time.h
ac_cv_target=x86_64-apple-darwin16.4.0
ac_cv_type_size_t=yes
ac_cv_working_alloca_h=yes
am_cv_CC_dependencies_compiler_type=gcc3
am_cv_CXX_dependencies_compiler_type=gcc3
dummy_cv_ansi=yes
dummy_cv_ffloat_store=no
dummy_cv_no_long_long=yes
dummy_cv_pedantic=yes
dummy_cv_wall=yes
lt_cv_apple_cc_single_mod=yes
lt_cv_ar_at_file=no
lt_cv_deplibs_check_method=pass_all
lt_cv_dlopen=dlopen
lt_cv_dlopen_libs=-ldl
lt_cv_dlopen_self=yes
lt_cv_dlopen_self_static=yes
lt_cv_file_magic_cmd='$MAGIC_CMD'
lt_cv_file_magic_test_file=
lt_cv_ld_exported_symbols_list=yes
lt_cv_ld_force_load=yes
lt_cv_ld_reload_flag=-r
lt_cv_nm_interface='BSD nm'
lt_cv_objdir=.libs
lt_cv_path_LD=/Applications/Xcode.app/Contents/Developer/Toolchains/XcodeDefault.xctoolchain/usr/bin/ld
lt_cv_path_LDCXX=/Applications/Xcode.app/Contents/Developer/Toolchains/XcodeDefault.xctoolchain/usr/bin/ld
lt_cv_path_NM='/usr/bin/nm -B'
lt_cv_path_mainfest_tool=no
lt_cv_prog_compiler_c_o=yes
lt_cv_prog_compiler_c_o_CXX=yes
lt_cv_prog_compiler_pic='-fno-common -DPIC'
lt_cv_prog_compiler_pic_CXX='-fno-common -DPIC'
lt_cv_prog_compiler_pic_works=yes
lt_cv_prog_compiler_pic_works_CXX=yes
lt_cv_prog_compiler_rtti_exceptions=yes
lt_cv_prog_compiler_static_works=no
lt_cv_prog_compiler_static_works_CXX=no
lt_cv_prog_gnu_ld=no
lt_cv_prog_gnu_ldcxx=no
lt_cv_sharedlib_from_linklib_cmd='printf %s\n'
lt_cv_sys_global_symbol_pipe='sed -n -e '\''s/^.*[	 ]\([BCDEGRST][BCDEGRST]*\)[	 ][	 ]*_\([_A-Za-z][_A-Za-z0-9]*\)$/\1 _\2 \2/p'\'' | sed '\''/ __gnu_lto/d'\'''
lt_cv_sys_global_symbol_to_c_name_address='sed -n -e '\''s/^: \([^ ]*\)[ ]*$/  {\"\1\", (void *) 0},/p'\'' -e '\''s/^[BCDEGRST]* \([^ ]*\) \([^ ]*\)$/  {"\2", (void *) \&\2},/p'\'''
lt_cv_sys_global_symbol_to_c_name_address_lib_prefix='sed -n -e '\''s/^: \([^ ]*\)[ ]*$/  {\"\1\", (void *) 0},/p'\'' -e '\''s/^[BCDEGRST]* \([^ ]*\) \(lib[^ ]*\)$/  {"\2", (void *) \&\2},/p'\'' -e '\''s/^[BCDEGRST]* \([^ ]*\) \([^ ]*\)$/  {"lib\2", (void *) \&\2},/p'\'''
lt_cv_sys_global_symbol_to_cdecl='sed -n -e '\''s/^T .* \(.*\)$/extern int \1();/p'\'' -e '\''s/^[BCDEGRST]* .* \(.*\)$/extern char \1;/p'\'''
lt_cv_sys_max_cmd_len=196608
lt_cv_to_host_file_cmd=func_convert_file_noop
lt_cv_to_tool_file_cmd=func_convert_file_noop
pgac_cv_type_int64_t_64=yes

## ----------------- ##
## Output variables. ##
## ----------------- ##

ACLOCAL='${SHELL} /cos_pc19a_npr/programs/Python/basemap-1.0.7/geos-3.3.3/missing --run aclocal-1.11'
ALLOCA=''
AMDEPBACKSLASH='\'
AMDEP_FALSE='#'
AMDEP_TRUE=''
AMTAR='${SHELL} /cos_pc19a_npr/programs/Python/basemap-1.0.7/geos-3.3.3/missing --run tar'
AM_CFLAGS='  -pedantic -Wall -ansi -Wno-long-long '
AM_CXXFLAGS=' -DGEOS_INLINE  -pedantic -Wall -ansi -Wno-long-long '
AR='ar'
AS='as'
AUTOCONF='${SHELL} /cos_pc19a_npr/programs/Python/basemap-1.0.7/geos-3.3.3/missing --run autoconf'
AUTOHEADER='${SHELL} /cos_pc19a_npr/programs/Python/basemap-1.0.7/geos-3.3.3/missing --run autoheader'
AUTOMAKE='${SHELL} /cos_pc19a_npr/programs/Python/basemap-1.0.7/geos-3.3.3/missing --run automake-1.11'
AWK='awk'
CAPI_INTERFACE_AGE='7'
CAPI_INTERFACE_CURRENT='8'
CAPI_INTERFACE_REVISION='4'
CAPI_VERSION='1.7.4'
CAPI_VERSION_MAJOR='1'
CAPI_VERSION_MINOR='7'
CAPI_VERSION_PATCH='4'
CC='gcc'
CCDEPMODE='depmode=gcc3'
CFLAGS='-g -O2'
CPP='gcc -E'
CPPFLAGS=''
CXX='g++'
CXXCPP='g++ -E'
CXXDEPMODE='depmode=gcc3'
CXXFLAGS='-g -O2'
CYGPATH_W='echo'
DEFS='-DHAVE_CONFIG_H'
DEPDIR='.deps'
DLLTOOL='dlltool'
DSYMUTIL='dsymutil'
DUMPBIN=''
ECHO_C='\c'
ECHO_N=''
ECHO_T=''
EGREP='/usr/bin/grep -E'
ENABLE_PHP_FALSE=''
ENABLE_PHP_TRUE='#'
ENABLE_PYTHON_FALSE=''
ENABLE_PYTHON_TRUE='#'
ENABLE_RUBY_FALSE=''
ENABLE_RUBY_TRUE='#'
ENABLE_SWIG_FALSE=''
ENABLE_SWIG_TRUE='#'
EXEEXT=''
FGREP='/usr/bin/grep -F'
GREP='/usr/bin/grep'
HAVE_PHP_FALSE=''
HAVE_PHP_TRUE='#'
HAVE_PHP_UNIT_FALSE=''
HAVE_PHP_UNIT_TRUE='#'
INLINE_FLAGS='-DGEOS_INLINE'
INSTALL_DATA='${INSTALL} -m 644'
INSTALL_PROGRAM='${INSTALL}'
INSTALL_SCRIPT='${INSTALL}'
INSTALL_STRIP_PROGRAM='$(install_sh) -c -s'
INTERFACE_AGE=''
INTERFACE_CURRENT=''
INTERFACE_REVISION=''
JTS_PORT='1.12.0'
LD='/Applications/Xcode.app/Contents/Developer/Toolchains/XcodeDefault.xctoolchain/usr/bin/ld'
LDFLAGS=''
LIBOBJS=''
LIBS=''
LIBTOOL='$(SHELL) $(top_builddir)/libtool'
LIPO='lipo'
LN_S='ln -s'
LTLIBOBJS=''
MAINT='#'
MAINTAINER_MODE_FALSE=''
MAINTAINER_MODE_TRUE='#'
MAKEINFO='${SHELL} /cos_pc19a_npr/programs/Python/basemap-1.0.7/geos-3.3.3/missing --run makeinfo'
MANIFEST_TOOL=':'
MKDIR_P='/sw/bin/gmkdir -p'
NM='/usr/bin/nm -B'
NMEDIT='nmedit'
OBJDUMP='objdump'
OBJEXT='o'
OTOOL64=':'
OTOOL='otool'
PACKAGE='geos'
PACKAGE_BUGREPORT=''
PACKAGE_NAME=''
PACKAGE_STRING=''
PACKAGE_TARNAME=''
PACKAGE_URL=''
PACKAGE_VERSION=''
PATH_SEPARATOR=':'
PHP=''
PHPUNIT=''
PHP_CONFIG=''
PYTHON=''
PYTHON_CPPFLAGS=''
PYTHON_EXEC_PREFIX=''
PYTHON_EXTRA_LIBS=''
PYTHON_LDFLAGS=''
PYTHON_PLATFORM=''
PYTHON_PREFIX=''
PYTHON_SITE_PKG=''
PYTHON_VERSION=''
RANLIB='ranlib'
RUBY=''
RUBY_BIN_DIR=''
RUBY_EXTENSION_DIR=''
RUBY_INCLUDE_DIR=''
RUBY_LIB_DIR=''
RUBY_SHARED_LIB=''
RUBY_SO_NAME=''
RUBY_VERSION=''
SED='/usr/bin/sed'
SET_MAKE=''
SHELL='/bin/sh'
STRIP='strip'
SWIG=''
SWIG_LIB=''
SWIG_PYTHON_CPPFLAGS=''
SWIG_PYTHON_OPT=''
VERSION='3.3.3'
VERSION_MAJOR='3'
VERSION_MINOR='3'
VERSION_PATCH='3'
ac_ct_AR='ar'
ac_ct_CC='gcc'
ac_ct_CXX='g++'
ac_ct_DUMPBIN=''
am__EXEEXT_FALSE=''
am__EXEEXT_TRUE='#'
am__fastdepCC_FALSE='#'
am__fastdepCC_TRUE=''
am__fastdepCXX_FALSE='#'
am__fastdepCXX_TRUE=''
am__include='include'
am__isrc=''
am__leading_dot='.'
am__nodep='_no'
am__quote=''
am__tar='${AMTAR} chof - "$$tardir"'
am__untar='${AMTAR} xf -'
bindir='${exec_prefix}/bin'
build='x86_64-apple-darwin16.4.0'
build_alias=''
build_cpu='x86_64'
build_os='darwin16.4.0'
build_vendor='apple'
datadir='${datarootdir}'
datarootdir='${prefix}/share'
docdir='${datarootdir}/doc/${PACKAGE}'
dvidir='${docdir}'
exec_prefix='${prefix}'
host='x86_64-apple-darwin16.4.0'
host_alias=''
host_cpu='x86_64'
host_os='darwin16.4.0'
host_vendor='apple'
htmldir='${docdir}'
includedir='${prefix}/include'
infodir='${datarootdir}/info'
install_sh='${SHELL} /cos_pc19a_npr/programs/Python/basemap-1.0.7/geos-3.3.3/install-sh'
libdir='${exec_prefix}/lib'
libexecdir='${exec_prefix}/libexec'
localedir='${datarootdir}/locale'
localstatedir='${prefix}/var'
mandir='${datarootdir}/man'
mkdir_p='/sw/bin/gmkdir -p'
oldincludedir='/usr/include'
pdfdir='${docdir}'
pkgpyexecdir=''
pkgpythondir=''
prefix='/usr/local'
program_transform_name='s,x,x,'
psdir='${docdir}'
pyexecdir=''
pythondir=''
sbindir='${exec_prefix}/sbin'
sharedstatedir='${prefix}/com'
sysconfdir='${prefix}/etc'
target='x86_64-apple-darwin16.4.0'
target_alias=''
target_cpu='x86_64'
target_os='darwin16.4.0'
target_vendor='apple'

## ----------- ##
## confdefs.h. ##
## ----------- ##

/* confdefs.h */
#define PACKAGE_NAME ""
#define PACKAGE_TARNAME ""
#define PACKAGE_VERSION ""
#define PACKAGE_STRING ""
#define PACKAGE_BUGREPORT ""
#define PACKAGE_URL ""
#define STDC_HEADERS 1
#define HAVE_SYS_TYPES_H 1
#define HAVE_SYS_STAT_H 1
#define HAVE_STDLIB_H 1
#define HAVE_STRING_H 1
#define HAVE_MEMORY_H 1
#define HAVE_STRINGS_H 1
#define HAVE_INTTYPES_H 1
#define HAVE_STDINT_H 1
#define HAVE_UNISTD_H 1
#define HAVE_DLFCN_H 1
#define LT_OBJDIR ".libs/"
#define HAVE_DIRENT_H 1
#define HAVE_STRFTIME 1
#define HAVE_VPRINTF 1
#define HAVE_ALLOCA_H 1
#define HAVE_ALLOCA 1
#define HAVE_DIRENT_H 1
#define STDC_HEADERS 1
#define HAVE_MEMORY_H 1
#define HAVE_UNISTD_H 1
#define HAVE_SYS_FILE_H 1
#define HAVE_SYS_TIME_H 1
#define HAVE_STRCHR 1
#define HAVE_MEMCPY 1
#define HAVE_GETTIMEOFDAY 1
#define HAVE_FINITE 1
#define HAVE_ISFINITE 1
#define HAVE_ISNAN 1
#define HAVE_INT64_T_64 /**/

configure: exit 0
